<?xml version="1.0" encoding="UTF-8"?>
<!-- Generated by org.testng.reporters.JUnitXMLReporter -->
<testsuite ignored="23" hostname="Rohiths-HP-Pavilion" failures="0" tests="10" name="Test" time="90.782" errors="0" timestamp="2021-05-23T19:35:39 IST">
  <testcase classname="testCaseDiagnosticsPage.DiagnosticsOptionClickTest" name="diagnosticsButtonClickTest" time="3.159"/>
  <testcase classname="testCaseHospitalSearch.AllFiltersFunctionalityCheck" name="allFiltersFunctionality" time="0.354"/>
  <testcase classname="testCaseDiagnosticsPage.DiagnosticsPageSearchBoxClickTest" name="selectCitySearchBoxClickTest" time="3.719"/>
  <testcase classname="testCaseHomePage.LocationSearchClickTest" name="locationSearchClickTest" time="0.487"/>
  <testcase classname="testCaseHospitalSearch.FiltersSectionVisibilityCheck" name="filtersSectionVisibilityTest" time="0.056"/>
  <testcase classname="testCaseCorporateWellnessPage.ForProvidersFunctionalityTest" name="forProvidersFunctionalityTest" time="0.123"/>
  <testcase classname="testCaseCorporateWellnessPage.OrganizationSizeDropDownFunctionalityTest" name="organizationSizeDropDownFunctionalityTest" time="4.032"/>
  <testcase classname="testCaseHomePage.SearchBoxFunctionalityTest" name="searchBoxTest" time="5.87"/>
  <testcase classname="testCaseCorporateWellnessPage.ScheduleADemoButtonFunctionalityTest" name="scheduleButtonFunctionalityTest" time="4.058"/>
  <testcase classname="testCaseCorporateWellnessPage.SelectCorporateWellnessOptionTest" name="corporateWellnessFunctionalityTest" time="3.819"/>
  <testcase classname="testCaseHomePage.SearchBoxClearTest" name="searchBoxClearTest" time="0.0">
    <ignored/>
  </testcase> <!-- searchBoxClearTest -->
  <testcase classname="testCaseDiagnosticsPage.DisplayTopCitiesTest" name="displayTopCitiesTest" time="0.0">
    <ignored/>
  </testcase> <!-- displayTopCitiesTest -->
  <testcase classname="testCaseCorporateWellnessPage.CorporateWellnessWithEmptyNameTest" name="EmptyNameTest" time="0.0">
    <ignored/>
  </testcase> <!-- EmptyNameTest -->
  <testcase classname="testCaseHomePage.SearchBoxClickTest" name="searchBoxClickTest" time="0.0">
    <ignored/>
  </testcase> <!-- searchBoxClickTest -->
  <testcase classname="testCaseHomePage.UseMyLocationTest" name="useMyLocationTest" time="0.0">
    <ignored/>
  </testcase> <!-- useMyLocationTest -->
  <testcase classname="testCaseDiagnosticsPage.SelectTopCityTest" name="selectTopCityTest" time="0.0">
    <ignored/>
  </testcase> <!-- selectTopCityTest -->
  <testcase classname="testCaseHospitalSearch.FiltersFunctionalityTest" name="pharmacy24x7Functionality" time="0.0">
    <ignored/>
  </testcase> <!-- pharmacy24x7Functionality -->
  <testcase classname="testCaseHospitalSearch.FiltersFunctionalityTest" name="diagnosticLabServicesFunctionality" time="0.0">
    <ignored/>
  </testcase> <!-- diagnosticLabServicesFunctionality -->
  <testcase classname="testCaseHospitalSearch.SearchHospitalsTest" name="highRatingHospitalsTest" time="0.0">
    <ignored/>
  </testcase> <!-- highRatingHospitalsTest -->
  <testcase classname="testCaseCorporateWellnessPage.CorporateWellnessWithValidDetailsTest" name="ValidDetailsTest" time="0.0">
    <ignored/>
  </testcase> <!-- ValidDetailsTest -->
  <testcase classname="testCaseHomePage.SuggestionLocationCheckTest" name="suggestionLocationCheckTest" time="0.0">
    <ignored/>
  </testcase> <!-- suggestionLocationCheckTest -->
  <testcase classname="testCaseCorporateWellnessPage.CorporateWellnessWithEmptyOrgSizeTest" name="EmptyOrgSizeTest" time="0.0">
    <ignored/>
  </testcase> <!-- EmptyOrgSizeTest -->
  <testcase classname="testCaseHomePage.LocationSearchFunctionalityTest" name="locationSearchTest" time="0.0">
    <ignored/>
  </testcase> <!-- locationSearchTest -->
  <testcase classname="testCaseHospitalSearch.ResetFiltersCheck" name="resetFiltersFunctionality" time="0.0">
    <ignored/>
  </testcase> <!-- resetFiltersFunctionality -->
  <testcase classname="testCaseHomePage.SearchBoxSuggestionTest" name="suggestionCheckTest" time="0.0">
    <ignored/>
  </testcase> <!-- suggestionCheckTest -->
  <testcase classname="testCaseHomePage.LocationSearchClearTest" name="locationSearchClearTest" time="0.0">
    <ignored/>
  </testcase> <!-- locationSearchClearTest -->
  <testcase classname="testCaseHospitalSearch.FiltersFunctionalityTest" name="onlineBookingFunctionality" time="0.0">
    <ignored/>
  </testcase> <!-- onlineBookingFunctionality -->
  <testcase classname="testCaseCorporateWellnessPage.CorporateWellnessWithInvalidDetailsTest" name="InvalidTest" time="0.0">
    <ignored/>
  </testcase> <!-- InvalidTest -->
  <testcase classname="testCaseHomePage.SearchInEntireCityTest" name="searchInEntireCityTest" time="0.0">
    <ignored/>
  </testcase> <!-- searchInEntireCityTest -->
  <testcase classname="testCaseHospitalSearch.FiltersFunctionalityTest" name="accreditedFunctionality" time="0.0">
    <ignored/>
  </testcase> <!-- accreditedFunctionality -->
  <testcase classname="testCaseHospitalSearch.FiltersFunctionalityTest" name="open24x7Functionality" time="0.0">
    <ignored/>
  </testcase> <!-- open24x7Functionality -->
  <testcase classname="testCaseHospitalSearch.FiltersFunctionalityTest" name="hasParkingFunctionality" time="0.0">
    <ignored/>
  </testcase> <!-- hasParkingFunctionality -->
  <testcase classname="testCaseHospitalSearch.FiltersFunctionalityTest" name="cafeteriaFunctionality" time="0.0">
    <ignored/>
  </testcase> <!-- cafeteriaFunctionality -->
</testsuite> <!-- Test -->
