<?xml version="1.0" encoding="UTF-8"?>
<testng-results ignored="23" total="33" passed="10" failed="0" skipped="0">
  <reporter-output>
  </reporter-output>
  <suite started-at="2021-05-23T19:34:08 IST" name="Suite" finished-at="2021-05-23T19:35:39 IST" duration-ms="90782">
    <groups>
      <group name="smoke">
        <method signature="AllFiltersFunctionalityCheck.allFiltersFunctionality()[pri:0, instance:testCaseHospitalSearch.AllFiltersFunctionalityCheck@36546a22]" name="allFiltersFunctionality" class="testCaseHospitalSearch.AllFiltersFunctionalityCheck"/>
        <method signature="DiagnosticsOptionClickTest.diagnosticsButtonClickTest()[pri:0, instance:testCaseDiagnosticsPage.DiagnosticsOptionClickTest@13c3c1e1]" name="diagnosticsButtonClickTest" class="testCaseDiagnosticsPage.DiagnosticsOptionClickTest"/>
        <method signature="DiagnosticsPageSearchBoxClickTest.selectCitySearchBoxClickTest()[pri:0, instance:testCaseDiagnosticsPage.DiagnosticsPageSearchBoxClickTest@1d8062d2]" name="selectCitySearchBoxClickTest" class="testCaseDiagnosticsPage.DiagnosticsPageSearchBoxClickTest"/>
        <method signature="FiltersSectionVisibilityCheck.filtersSectionVisibilityTest()[pri:0, instance:testCaseHospitalSearch.FiltersSectionVisibilityCheck@285c08c8]" name="filtersSectionVisibilityTest" class="testCaseHospitalSearch.FiltersSectionVisibilityCheck"/>
        <method signature="ForProvidersFunctionalityTest.forProvidersFunctionalityTest()[pri:0, instance:testCaseCorporateWellnessPage.ForProvidersFunctionalityTest@3f053c80]" name="forProvidersFunctionalityTest" class="testCaseCorporateWellnessPage.ForProvidersFunctionalityTest"/>
        <method signature="LocationSearchClickTest.locationSearchClickTest()[pri:0, instance:testCaseHomePage.LocationSearchClickTest@1e63ec0b]" name="locationSearchClickTest" class="testCaseHomePage.LocationSearchClickTest"/>
        <method signature="OrganizationSizeDropDownFunctionalityTest.organizationSizeDropDownFunctionalityTest()[pri:0, instance:testCaseCorporateWellnessPage.OrganizationSizeDropDownFunctionalityTest@6c6c5427]" name="organizationSizeDropDownFunctionalityTest" class="testCaseCorporateWellnessPage.OrganizationSizeDropDownFunctionalityTest"/>
        <method signature="ScheduleADemoButtonFunctionalityTest.scheduleButtonFunctionalityTest()[pri:0, instance:testCaseCorporateWellnessPage.ScheduleADemoButtonFunctionalityTest@618c5d94]" name="scheduleButtonFunctionalityTest" class="testCaseCorporateWellnessPage.ScheduleADemoButtonFunctionalityTest"/>
        <method signature="SearchBoxFunctionalityTest.searchBoxTest()[pri:0, instance:testCaseHomePage.SearchBoxFunctionalityTest@3b956878]" name="searchBoxTest" class="testCaseHomePage.SearchBoxFunctionalityTest"/>
        <method signature="SelectCorporateWellnessOptionTest.corporateWellnessFunctionalityTest()[pri:0, instance:testCaseCorporateWellnessPage.SelectCorporateWellnessOptionTest@5b40ceb]" name="corporateWellnessFunctionalityTest" class="testCaseCorporateWellnessPage.SelectCorporateWellnessOptionTest"/>
      </group> <!-- smoke -->
    </groups>
    <test started-at="2021-05-23T19:34:08 IST" name="Test" finished-at="2021-05-23T19:35:39 IST" duration-ms="90782">
      <class name="testCaseHomePage.LocationSearchClickTest">
        <test-method is-config="true" signature="openBrowser()[pri:0, instance:testCaseHomePage.LocationSearchClickTest@1e63ec0b]" started-at="2021-05-23T19:34:41 IST" name="openBrowser" finished-at="2021-05-23T19:34:44 IST" duration-ms="3577" status="PASS">
          <reporter-output>
          </reporter-output>
        </test-method> <!-- openBrowser -->
        <test-method signature="locationSearchClickTest()[pri:0, instance:testCaseHomePage.LocationSearchClickTest@1e63ec0b]" started-at="2021-05-23T19:34:44 IST" name="locationSearchClickTest" finished-at="2021-05-23T19:34:45 IST" duration-ms="487" status="PASS">
          <reporter-output>
          </reporter-output>
        </test-method> <!-- locationSearchClickTest -->
        <test-method is-config="true" signature="closeBrowser()[pri:0, instance:testCaseHomePage.LocationSearchClickTest@1e63ec0b]" started-at="2021-05-23T19:34:45 IST" name="closeBrowser" finished-at="2021-05-23T19:34:46 IST" duration-ms="933" status="PASS">
          <reporter-output>
          </reporter-output>
        </test-method> <!-- closeBrowser -->
      </class> <!-- testCaseHomePage.LocationSearchClickTest -->
      <class name="testCaseHospitalSearch.AllFiltersFunctionalityCheck">
        <test-method is-config="true" signature="openBrowser()[pri:0, instance:testCaseHospitalSearch.AllFiltersFunctionalityCheck@36546a22]" started-at="2021-05-23T19:34:19 IST" name="openBrowser" finished-at="2021-05-23T19:34:30 IST" duration-ms="11119" status="PASS">
          <reporter-output>
          </reporter-output>
        </test-method> <!-- openBrowser -->
        <test-method signature="allFiltersFunctionality()[pri:0, instance:testCaseHospitalSearch.AllFiltersFunctionalityCheck@36546a22]" started-at="2021-05-23T19:34:30 IST" name="allFiltersFunctionality" finished-at="2021-05-23T19:34:30 IST" duration-ms="354" status="PASS">
          <reporter-output>
          </reporter-output>
        </test-method> <!-- allFiltersFunctionality -->
        <test-method is-config="true" signature="afterTest()[pri:0, instance:testCaseHospitalSearch.AllFiltersFunctionalityCheck@36546a22]" started-at="2021-05-23T19:34:30 IST" name="afterTest" finished-at="2021-05-23T19:34:32 IST" duration-ms="1748" status="PASS">
          <reporter-output>
          </reporter-output>
        </test-method> <!-- afterTest -->
      </class> <!-- testCaseHospitalSearch.AllFiltersFunctionalityCheck -->
      <class name="testCaseHomePage.SearchBoxFunctionalityTest">
        <test-method is-config="true" signature="openBrowser()[pri:0, instance:testCaseHomePage.SearchBoxFunctionalityTest@3b956878]" started-at="2021-05-23T19:35:11 IST" name="openBrowser" finished-at="2021-05-23T19:35:15 IST" duration-ms="3872" status="PASS">
          <reporter-output>
          </reporter-output>
        </test-method> <!-- openBrowser -->
        <test-method signature="searchBoxTest()[pri:0, instance:testCaseHomePage.SearchBoxFunctionalityTest@3b956878]" started-at="2021-05-23T19:35:15 IST" name="searchBoxTest" finished-at="2021-05-23T19:35:21 IST" duration-ms="5870" status="PASS">
          <reporter-output>
          </reporter-output>
        </test-method> <!-- searchBoxTest -->
        <test-method is-config="true" signature="closeBrowser()[pri:0, instance:testCaseHomePage.SearchBoxFunctionalityTest@3b956878]" started-at="2021-05-23T19:35:21 IST" name="closeBrowser" finished-at="2021-05-23T19:35:22 IST" duration-ms="806" status="PASS">
          <reporter-output>
          </reporter-output>
        </test-method> <!-- closeBrowser -->
      </class> <!-- testCaseHomePage.SearchBoxFunctionalityTest -->
      <class name="testCaseCorporateWellnessPage.SelectCorporateWellnessOptionTest">
        <test-method is-config="true" signature="openBrowser()[pri:0, instance:testCaseCorporateWellnessPage.SelectCorporateWellnessOptionTest@5b40ceb]" started-at="2021-05-23T19:35:30 IST" name="openBrowser" finished-at="2021-05-23T19:35:34 IST" duration-ms="3833" status="PASS">
          <reporter-output>
          </reporter-output>
        </test-method> <!-- openBrowser -->
        <test-method signature="corporateWellnessFunctionalityTest()[pri:0, instance:testCaseCorporateWellnessPage.SelectCorporateWellnessOptionTest@5b40ceb]" started-at="2021-05-23T19:35:34 IST" name="corporateWellnessFunctionalityTest" finished-at="2021-05-23T19:35:38 IST" duration-ms="3819" status="PASS">
          <reporter-output>
          </reporter-output>
        </test-method> <!-- corporateWellnessFunctionalityTest -->
        <test-method is-config="true" signature="closeBrowser()[pri:0, instance:testCaseCorporateWellnessPage.SelectCorporateWellnessOptionTest@5b40ceb]" started-at="2021-05-23T19:35:38 IST" name="closeBrowser" finished-at="2021-05-23T19:35:39 IST" duration-ms="924" status="PASS">
          <reporter-output>
          </reporter-output>
        </test-method> <!-- closeBrowser -->
      </class> <!-- testCaseCorporateWellnessPage.SelectCorporateWellnessOptionTest -->
      <class name="testCaseCorporateWellnessPage.ForProvidersFunctionalityTest">
        <test-method is-config="true" signature="openBrowser()[pri:0, instance:testCaseCorporateWellnessPage.ForProvidersFunctionalityTest@3f053c80]" started-at="2021-05-23T19:34:56 IST" name="openBrowser" finished-at="2021-05-23T19:35:01 IST" duration-ms="5132" status="PASS">
          <reporter-output>
          </reporter-output>
        </test-method> <!-- openBrowser -->
        <test-method signature="forProvidersFunctionalityTest()[pri:0, instance:testCaseCorporateWellnessPage.ForProvidersFunctionalityTest@3f053c80]" started-at="2021-05-23T19:35:01 IST" name="forProvidersFunctionalityTest" finished-at="2021-05-23T19:35:01 IST" duration-ms="123" status="PASS">
          <reporter-output>
          </reporter-output>
        </test-method> <!-- forProvidersFunctionalityTest -->
        <test-method is-config="true" signature="closeBrowser()[pri:0, instance:testCaseCorporateWellnessPage.ForProvidersFunctionalityTest@3f053c80]" started-at="2021-05-23T19:35:01 IST" name="closeBrowser" finished-at="2021-05-23T19:35:02 IST" duration-ms="1190" status="PASS">
          <reporter-output>
          </reporter-output>
        </test-method> <!-- closeBrowser -->
      </class> <!-- testCaseCorporateWellnessPage.ForProvidersFunctionalityTest -->
      <class name="testCaseCorporateWellnessPage.ScheduleADemoButtonFunctionalityTest">
        <test-method is-config="true" signature="openBrowser()[pri:0, instance:testCaseCorporateWellnessPage.ScheduleADemoButtonFunctionalityTest@618c5d94]" started-at="2021-05-23T19:35:22 IST" name="openBrowser" finished-at="2021-05-23T19:35:25 IST" duration-ms="3762" status="PASS">
          <reporter-output>
          </reporter-output>
        </test-method> <!-- openBrowser -->
        <test-method signature="scheduleButtonFunctionalityTest()[pri:0, instance:testCaseCorporateWellnessPage.ScheduleADemoButtonFunctionalityTest@618c5d94]" started-at="2021-05-23T19:35:25 IST" name="scheduleButtonFunctionalityTest" finished-at="2021-05-23T19:35:29 IST" duration-ms="4058" status="PASS">
          <reporter-output>
          </reporter-output>
        </test-method> <!-- scheduleButtonFunctionalityTest -->
        <test-method is-config="true" signature="closeBrowser()[pri:0, instance:testCaseCorporateWellnessPage.ScheduleADemoButtonFunctionalityTest@618c5d94]" started-at="2021-05-23T19:35:29 IST" name="closeBrowser" finished-at="2021-05-23T19:35:30 IST" duration-ms="813" status="PASS">
          <reporter-output>
          </reporter-output>
        </test-method> <!-- closeBrowser -->
      </class> <!-- testCaseCorporateWellnessPage.ScheduleADemoButtonFunctionalityTest -->
      <class name="testCaseCorporateWellnessPage.OrganizationSizeDropDownFunctionalityTest">
        <test-method is-config="true" signature="openBrowser()[pri:0, instance:testCaseCorporateWellnessPage.OrganizationSizeDropDownFunctionalityTest@6c6c5427]" started-at="2021-05-23T19:35:02 IST" name="openBrowser" finished-at="2021-05-23T19:35:06 IST" duration-ms="3599" status="PASS">
          <reporter-output>
          </reporter-output>
        </test-method> <!-- openBrowser -->
        <test-method signature="organizationSizeDropDownFunctionalityTest()[pri:0, instance:testCaseCorporateWellnessPage.OrganizationSizeDropDownFunctionalityTest@6c6c5427]" started-at="2021-05-23T19:35:06 IST" name="organizationSizeDropDownFunctionalityTest" finished-at="2021-05-23T19:35:10 IST" duration-ms="4032" status="PASS">
          <reporter-output>
          </reporter-output>
        </test-method> <!-- organizationSizeDropDownFunctionalityTest -->
        <test-method is-config="true" signature="closeBrowser()[pri:0, instance:testCaseCorporateWellnessPage.OrganizationSizeDropDownFunctionalityTest@6c6c5427]" started-at="2021-05-23T19:35:10 IST" name="closeBrowser" finished-at="2021-05-23T19:35:11 IST" duration-ms="986" status="PASS">
          <reporter-output>
          </reporter-output>
        </test-method> <!-- closeBrowser -->
      </class> <!-- testCaseCorporateWellnessPage.OrganizationSizeDropDownFunctionalityTest -->
      <class name="testCaseHospitalSearch.FiltersSectionVisibilityCheck">
        <test-method is-config="true" signature="openBrowser()[pri:0, instance:testCaseHospitalSearch.FiltersSectionVisibilityCheck@285c08c8]" started-at="2021-05-23T19:34:46 IST" name="openBrowser" finished-at="2021-05-23T19:34:55 IST" duration-ms="8819" status="PASS">
          <reporter-output>
          </reporter-output>
        </test-method> <!-- openBrowser -->
        <test-method signature="filtersSectionVisibilityTest()[pri:0, instance:testCaseHospitalSearch.FiltersSectionVisibilityCheck@285c08c8]" started-at="2021-05-23T19:34:55 IST" name="filtersSectionVisibilityTest" finished-at="2021-05-23T19:34:55 IST" duration-ms="56" status="PASS">
          <reporter-output>
          </reporter-output>
        </test-method> <!-- filtersSectionVisibilityTest -->
        <test-method is-config="true" signature="afterTest()[pri:0, instance:testCaseHospitalSearch.FiltersSectionVisibilityCheck@285c08c8]" started-at="2021-05-23T19:34:55 IST" name="afterTest" finished-at="2021-05-23T19:34:56 IST" duration-ms="1209" status="PASS">
          <reporter-output>
          </reporter-output>
        </test-method> <!-- afterTest -->
      </class> <!-- testCaseHospitalSearch.FiltersSectionVisibilityCheck -->
      <class name="testCaseDiagnosticsPage.DiagnosticsOptionClickTest">
        <test-method is-config="true" signature="openBrowser()[pri:0, instance:testCaseDiagnosticsPage.DiagnosticsOptionClickTest@13c3c1e1]" started-at="2021-05-23T19:34:08 IST" name="openBrowser" finished-at="2021-05-23T19:34:13 IST" duration-ms="4967" status="PASS">
          <reporter-output>
          </reporter-output>
        </test-method> <!-- openBrowser -->
        <test-method signature="diagnosticsButtonClickTest()[pri:0, instance:testCaseDiagnosticsPage.DiagnosticsOptionClickTest@13c3c1e1]" started-at="2021-05-23T19:34:13 IST" name="diagnosticsButtonClickTest" finished-at="2021-05-23T19:34:16 IST" duration-ms="3159" status="PASS">
          <reporter-output>
          </reporter-output>
        </test-method> <!-- diagnosticsButtonClickTest -->
        <test-method is-config="true" signature="closeBrowser()[pri:0, instance:testCaseDiagnosticsPage.DiagnosticsOptionClickTest@13c3c1e1]" started-at="2021-05-23T19:34:16 IST" name="closeBrowser" finished-at="2021-05-23T19:34:19 IST" duration-ms="2320" status="PASS">
          <reporter-output>
          </reporter-output>
        </test-method> <!-- closeBrowser -->
      </class> <!-- testCaseDiagnosticsPage.DiagnosticsOptionClickTest -->
      <class name="testCaseDiagnosticsPage.DiagnosticsPageSearchBoxClickTest">
        <test-method is-config="true" signature="openBrowser()[pri:0, instance:testCaseDiagnosticsPage.DiagnosticsPageSearchBoxClickTest@1d8062d2]" started-at="2021-05-23T19:34:32 IST" name="openBrowser" finished-at="2021-05-23T19:34:35 IST" duration-ms="3554" status="PASS">
          <reporter-output>
          </reporter-output>
        </test-method> <!-- openBrowser -->
        <test-method signature="selectCitySearchBoxClickTest()[pri:0, instance:testCaseDiagnosticsPage.DiagnosticsPageSearchBoxClickTest@1d8062d2]" started-at="2021-05-23T19:34:35 IST" name="selectCitySearchBoxClickTest" finished-at="2021-05-23T19:34:39 IST" duration-ms="3719" status="PASS">
          <reporter-output>
          </reporter-output>
        </test-method> <!-- selectCitySearchBoxClickTest -->
        <test-method is-config="true" signature="closeBrowser()[pri:0, instance:testCaseDiagnosticsPage.DiagnosticsPageSearchBoxClickTest@1d8062d2]" started-at="2021-05-23T19:34:39 IST" name="closeBrowser" finished-at="2021-05-23T19:34:41 IST" duration-ms="1835" status="PASS">
          <reporter-output>
          </reporter-output>
        </test-method> <!-- closeBrowser -->
      </class> <!-- testCaseDiagnosticsPage.DiagnosticsPageSearchBoxClickTest -->
    </test> <!-- Test -->
  </suite> <!-- Suite -->
</testng-results>
